ignoring invalid parameter: #int
nranks 42
nt 32
nm 10
nb 10
lsizeb 1000000000
gsizeb 2147483647
npl 3125000
npg 100000000
nonblocking 1
tracking_rate 2.500000
sm_file scattering_matrix.txt
nt:32 nm:10 nb:10 lsizeb:1000000000 npl:3125000 scattering_file:scattering_matrix.txt
reading scattering matrix from file....
0.100000 0.200000 0.300000 0.400000 0.500000 0.600000 0.700000 0.800000 0.900000 1.000000 %
0.000000 0.111000 0.222000 0.333000 0.444000 0.556000 0.667000 0.778000 0.889000 1.000000 %
0.000000 0.000000 0.125000 0.250000 0.375000 0.500000 0.625000 0.750000 0.875000 1.000000 %
0.000000 0.000000 0.000000 0.143000 0.286000 0.429000 0.571000 0.714000 0.857000 1.000000 %
0.000000 0.000000 0.000000 0.000000 0.167000 0.333000 0.500000 0.667000 0.833000 1.000000 %
0.000000 0.000000 0.000000 0.000000 0.000000 0.200000 0.400000 0.600000 0.800000 1.000000 %
0.000000 0.000000 0.000000 0.000000 0.000000 0.000000 0.250000 0.500000 0.750000 1.000000 %
0.000000 0.000000 0.000000 0.000000 0.000000 0.000000 0.000000 0.333000 0.667000 1.000000 %
0.000000 0.000000 0.000000 0.000000 0.000000 0.000000 0.000000 0.000000 0.500000 1.000000 %
0.000000 0.000000 0.000000 0.000000 0.000000 0.000000 0.000000 0.000000 0.000000 1.000000 %
scattering_matrix[0][0]:0.100000
scattering_matrix[0][0]:0.100000
scattering_matrix[0][0]:0.100000
scattering_matrix[0][0]:0.100000
scattering_matrix[0][0]:0.100000
scattering_matrix[0][0]:0.100000
scattering_matrix[0][0]:0.100000
scattering_matrix[0][0]:0.100000
scattering_matrix[0][0]:0.100000
scattering_matrix[0][0]:0.100000
scattering_matrix[0][0]:0.100000
scattering_matrix[0][0]:0.100000
scattering_matrix[0][0]:0.100000
scattering_matrix[0][0]:0.100000
scattering_matrix[0][0]:0.100000
scattering_matrix[0][0]:0.100000
scattering_matrix[0][0]:0.100000
scattering_matrix[0][0]:0.100000
scattering_matrix[0][0]:0.100000
scattering_matrix[0][0]:0.100000
scattering_matrix[0][0]:0.100000
scattering_matrix[0][0]:0.100000
scattering_matrix[0][0]:0.100000
scattering_matrix[0][0]:0.100000
scattering_matrix[0][0]:0.100000
scattering_matrix[0][0]:0.100000
scattering_matrix[0][0]:0.100000
scattering_matrix[0][0]:0.100000
scattering_matrix[0][0]:0.100000
scattering_matrix[0][0]:0.100000
scattering_matrix[0][0]:0.100000
scattering_matrix[0][0]:0.100000
simulation terminated: proc:24  passes:1 time(s):67.011768, 
memory proc: 35 recived -1 from 24
memory proc: 34 recived -1 from 24
memory proc: 33 recived -1 from 24
memory proc: 40 recived -1 from 24
memory proc: 38 recived -1 from 24
memory proc: 32 recived -1 from 24
memory proc: 39 recived -1 from 24
memory proc: 41 recived -1 from 24
memory proc: 37 recived -1 from 24
memory proc: 36 recived -1 from 24
simulation terminated: proc:14  passes:1 time(s):74.963944, 
memory proc: 32 recived -1 from 14
memory proc: 35 recived -1 from 14
memory proc: 39 recived -1 from 14
memory proc: 41 recived -1 from 14
memory proc: 40 recived -1 from 14
memory proc: 38 recived -1 from 14
memory proc: 34 recived -1 from 14
memory proc: 33 recived -1 from 14
memory proc: 37 recived -1 from 14
memory proc: 36 recived -1 from 14
simulation terminated: proc:18  passes:1 time(s):79.842746, 
memory proc: 32 recived -1 from 18
memory proc: 35 recived -1 from 18
memory proc: 39 recived -1 from 18
memory proc: 41 recived -1 from 18
memory proc: 40 recived -1 from 18
memory proc: 38 recived -1 from 18
memory proc: 34 recived -1 from 18
memory proc: 33 recived -1 from 18
memory proc: 37 recived -1 from 18
memory proc: 36 recived -1 from 18
simulation terminated: proc:15  passes:1 time(s):81.414869, 
memory proc: 32 recived -1 from 15
memory proc: 35 recived -1 from 15
memory proc: 39 recived -1 from 15
memory proc: 41 recived -1 from 15
memory proc: 40 recived -1 from 15
memory proc: 38 recived -1 from 15
memory proc: 34 recived -1 from 15
memory proc: 33 recived -1 from 15
memory proc: 37 recived -1 from 15
memory proc: 36 recived -1 from 15
simulation terminated: proc:13  passes:1 time(s):82.624148, 
memory proc: 32 recived -1 from 13
memory proc: 35 recived -1 from 13
memory proc: 39 recived -1 from 13
memory proc: 41 recived -1 from 13
memory proc: 40 recived -1 from 13
memory proc: 38 recived -1 from 13
memory proc: 34 recived -1 from 13
memory proc: 33 recived -1 from 13
memory proc: 37 recived -1 from 13
memory proc: 36 recived -1 from 13
simulation terminated: proc:11  passes:1 time(s):85.826382, 
memory proc: 32 recived -1 from 11
memory proc: 35 recived -1 from 11
memory proc: 39 recived -1 from 11
memory proc: 41 recived -1 from 11
memory proc: 40 recived -1 from 11
memory proc: 38 recived -1 from 11
memory proc: 34 recived -1 from 11
memory proc: 33 recived -1 from 11
memory proc: 37 recived -1 from 11
memory proc: 36 recived -1 from 11
simulation terminated: proc:19  passes:1 time(s):86.414643, 
memory proc: 32 recived -1 from 19
memory proc: 35 recived -1 from 19
memory proc: 39 recived -1 from 19
memory proc: 41 recived -1 from 19
memory proc: 40 recived -1 from 19
memory proc: 38 recived -1 from 19
memory proc: 34 recived -1 from 19
memory proc: 33 recived -1 from 19
memory proc: 37 recived -1 from 19
memory proc: 36 recived -1 from 19
simulation terminated: proc:7  passes:1 time(s):89.676773, 
memory proc: 32 recived -1 from 7
memory proc: 35 recived -1 from 7
memory proc: 39 recived -1 from 7
memory proc: 41 recived -1 from 7
memory proc: 40 recived -1 from 7
memory proc: 38 recived -1 from 7
memory proc: 34 recived -1 from 7
memory proc: 33 recived -1 from 7
memory proc: 37 recived -1 from 7
memory proc: 36 recived -1 from 7
simulation terminated: proc:22  passes:1 time(s):90.239708, 
memory proc: 32 recived -1 from 22
memory proc: 35 recived -1 from 22
memory proc: 39 recived -1 from 22
memory proc: 41 recived -1 from 22
memory proc: 40 recived -1 from 22
memory proc: 38 recived -1 from 22
memory proc: 34 recived -1 from 22
memory proc: 33 recived -1 from 22
memory proc: 37 recived -1 from 22
memory proc: 36 recived -1 from 22
simulation terminated: proc:0  passes:1 time(s):92.312119, 
memory proc: 32 recived -1 from 0
memory proc: 35 recived -1 from 0
memory proc: 39 recived -1 from 0
memory proc: 41 recived -1 from 0
memory proc: 40 recived -1 from 0
memory proc: 38 recived -1 from 0
memory proc: 34 recived -1 from 0
memory proc: 33 recived -1 from 0
memory proc: 37 recived -1 from 0
memory proc: 36 recived -1 from 0
simulation terminated: proc:17  passes:1 time(s):96.478628, 
memory proc: 32 recived -1 from 17
memory proc: 35 recived -1 from 17
memory proc: 39 recived -1 from 17
memory proc: 41 recived -1 from 17
memory proc: 40 recived -1 from 17
memory proc: 38 recived -1 from 17
memory proc: 34 recived -1 from 17
memory proc: 33 recived -1 from 17
memory proc: 37 recived -1 from 17
memory proc: 36 recived -1 from 17
simulation terminated: proc:21  passes:1 time(s):97.470714, 
memory proc: 32 recived -1 from 21
memory proc: 35 recived -1 from 21
memory proc: 39 recived -1 from 21
memory proc: 41 recived -1 from 21
memory proc: 40 recived -1 from 21
memory proc: 38 recived -1 from 21
memory proc: 34 recived -1 from 21
memory proc: 33 recived -1 from 21
memory proc: 37 recived -1 from 21
memory proc: 36 recived -1 from 21
simulation terminated: proc:3  passes:1 time(s):98.452758, 
memory proc: 32 recived -1 from 3
memory proc: 35 recived -1 from 3
memory proc: 39 recived -1 from 3
memory proc: 41 recived -1 from 3
memory proc: 40 recived -1 from 3
memory proc: 38 recived -1 from 3
memory proc: 34 recived -1 from 3
memory proc: 33 recived -1 from 3
memory proc: 37 recived -1 from 3
memory proc: 36 recived -1 from 3
simulation terminated: proc:23  passes:1 time(s):99.978553, 
memory proc: 32 recived -1 from 23
memory proc: 35 recived -1 from 23
memory proc: 39 recived -1 from 23
memory proc: 41 recived -1 from 23
memory proc: 40 recived -1 from 23
memory proc: 38 recived -1 from 23
memory proc: 34 recived -1 from 23
memory proc: 33 recived -1 from 23
memory proc: 37 recived -1 from 23
memory proc: 36 recived -1 from 23
simulation terminated: proc:12  passes:1 time(s):106.720252, 
memory proc: 32 recived -1 from 12
memory proc: 35 recived -1 from 12
memory proc: 39 recived -1 from 12
memory proc: 41 recived -1 from 12
memory proc: 40 recived -1 from 12
memory proc: 38 recived -1 from 12
memory proc: 34 recived -1 from 12
memory proc: 33 recived -1 from 12
memory proc: 37 recived -1 from 12
memory proc: 36 recived -1 from 12
simulation terminated: proc:20  passes:1 time(s):107.613802, 
memory proc: 32 recived -1 from 20
memory proc: 35 recived -1 from 20
memory proc: 39 recived -1 from 20
memory proc: 41 recived -1 from 20
memory proc: 40 recived -1 from 20
memory proc: 38 recived -1 from 20
memory proc: 34 recived -1 from 20
memory proc: 33 recived -1 from 20
memory proc: 37 recived -1 from 20
memory proc: 36 recived -1 from 20
simulation terminated: proc:2  passes:1 time(s):110.200921, 
memory proc: 32 recived -1 from 2
memory proc: 35 recived -1 from 2
memory proc: 39 recived -1 from 2
memory proc: 41 recived -1 from 2
memory proc: 40 recived -1 from 2
memory proc: 38 recived -1 from 2
memory proc: 34 recived -1 from 2
memory proc: 33 recived -1 from 2
memory proc: 37 recived -1 from 2
memory proc: 36 recived -1 from 2
simulation terminated: proc:26  passes:1 time(s):111.795877, 
memory proc: 32 recived -1 from 26
memory proc: 35 recived -1 from 26
memory proc: 39 recived -1 from 26
memory proc: 41 recived -1 from 26
memory proc: 40 recived -1 from 26
memory proc: 38 recived -1 from 26
memory proc: 34 recived -1 from 26
memory proc: 33 recived -1 from 26
memory proc: 37 recived -1 from 26
memory proc: 36 recived -1 from 26
simulation terminated: proc:31  passes:1 time(s):112.456625, 
memory proc: 32 recived -1 from 31
memory proc: 35 recived -1 from 31
memory proc: 39 recived -1 from 31
memory proc: 41 recived -1 from 31
memory proc: 40 recived -1 from 31
memory proc: 38 recived -1 from 31
memory proc: 34 recived -1 from 31
memory proc: 33 recived -1 from 31
memory proc: 37 recived -1 from 31
memory proc: 36 recived -1 from 31
simulation terminated: proc:10  passes:1 time(s):113.938214, 
memory proc: 32 recived -1 from 10
memory proc: 35 recived -1 from 10
memory proc: 39 recived -1 from 10
memory proc: 41 recived -1 from 10
memory proc: 40 recived -1 from 10
memory proc: 38 recived -1 from 10
memory proc: 34 recived -1 from 10
memory proc: 33 recived -1 from 10
memory proc: 37 recived -1 from 10
memory proc: 36 recived -1 from 10
simulation terminated: proc:29  passes:1 time(s):115.549317, 
memory proc: 32 recived -1 from 29
memory proc: 35 recived -1 from 29
memory proc: 39 recived -1 from 29
memory proc: 41 recived -1 from 29
memory proc: 40 recived -1 from 29
memory proc: 38 recived -1 from 29
memory proc: 34 recived -1 from 29
memory proc: 33 recived -1 from 29
memory proc: 37 recived -1 from 29
memory proc: 36 recived -1 from 29
simulation terminated: proc:25  passes:1 time(s):117.808756, 
memory proc: 32 recived -1 from 25
memory proc: 35 recived -1 from 25
memory proc: 39 recived -1 from 25
memory proc: 41 recived -1 from 25
memory proc: 40 recived -1 from 25
memory proc: 38 recived -1 from 25
memory proc: 34 recived -1 from 25
memory proc: 33 recived -1 from 25
memory proc: 37 recived -1 from 25
memory proc: 36 recived -1 from 25
simulation terminated: proc:16  passes:1 time(s):118.309212, 
memory proc: 32 recived -1 from 16
memory proc: 35 recived -1 from 16
memory proc: 39 recived -1 from 16
memory proc: 41 recived -1 from 16
memory proc: 40 recived -1 from 16
memory proc: 38 recived -1 from 16
memory proc: 34 recived -1 from 16
memory proc: 33 recived -1 from 16
memory proc: 37 recived -1 from 16
memory proc: 36 recived -1 from 16
simulation terminated: proc:28  passes:1 time(s):119.666705, 
memory proc: 32 recived -1 from 28
memory proc: 35 recived -1 from 28
memory proc: 39 recived -1 from 28
memory proc: 41 recived -1 from 28
memory proc: 40 recived -1 from 28
memory proc: 38 recived -1 from 28
memory proc: 34 recived -1 from 28
memory proc: 33 recived -1 from 28
memory proc: 37 recived -1 from 28
memory proc: 36 recived -1 from 28
simulation terminated: proc:9  passes:1 time(s):122.514009, 
memory proc: 32 recived -1 from 9
memory proc: 35 recived -1 from 9
memory proc: 39 recived -1 from 9
memory proc: 41 recived -1 from 9
memory proc: 40 recived -1 from 9
memory proc: 38 recived -1 from 9
memory proc: 34 recived -1 from 9
memory proc: 33 recived -1 from 9
memory proc: 37 recived -1 from 9
memory proc: 36 recived -1 from 9
simulation terminated: proc:5  passes:1 time(s):122.518597, 
memory proc: 32 recived -1 from 5
memory proc: 35 recived -1 from 5
memory proc: 39 recived -1 from 5
memory proc: 41 recived -1 from 5
memory proc: 40 recived -1 from 5
memory proc: 38 recived -1 from 5
memory proc: 34 recived -1 from 5
memory proc: 33 recived -1 from 5
memory proc: 37 recived -1 from 5
memory proc: 36 recived -1 from 5
simulation terminated: proc:6  passes:1 time(s):124.258377, 
memory proc: 32 recived -1 from 6
memory proc: 35 recived -1 from 6
memory proc: 39 recived -1 from 6
memory proc: 41 recived -1 from 6
memory proc: 40 recived -1 from 6
memory proc: 38 recived -1 from 6
memory proc: 34 recived -1 from 6
memory proc: 33 recived -1 from 6
memory proc: 37 recived -1 from 6
memory proc: 36 recived -1 from 6
simulation terminated: proc:30  passes:1 time(s):125.109804, 
memory proc: 32 recived -1 from 30
memory proc: 35 recived -1 from 30
memory proc: 39 recived -1 from 30
memory proc: 41 recived -1 from 30
memory proc: 40 recived -1 from 30
memory proc: 38 recived -1 from 30
memory proc: 34 recived -1 from 30
memory proc: 33 recived -1 from 30
memory proc: 37 recived -1 from 30
memory proc: 36 recived -1 from 30
simulation terminated: proc:4  passes:1 time(s):126.847289, 
memory proc: 32 recived -1 from 4
memory proc: 35 recived -1 from 4
memory proc: 39 recived -1 from 4
memory proc: 41 recived -1 from 4
memory proc: 40 recived -1 from 4
memory proc: 38 recived -1 from 4
memory proc: 34 recived -1 from 4
memory proc: 33 recived -1 from 4
memory proc: 37 recived -1 from 4
memory proc: 36 recived -1 from 4
simulation terminated: proc:8  passes:1 time(s):127.732604, 
memory proc: 32 recived -1 from 8
memory proc: 35 recived -1 from 8
memory proc: 39 recived -1 from 8
memory proc: 41 recived -1 from 8
memory proc: 40 recived -1 from 8
memory proc: 38 recived -1 from 8
memory proc: 34 recived -1 from 8
memory proc: 33 recived -1 from 8
memory proc: 37 recived -1 from 8
memory proc: 36 recived -1 from 8
simulation terminated: proc:1  passes:1 time(s):129.461096, 
memory proc: 32 recived -1 from 1
memory proc: 35 recived -1 from 1
memory proc: 39 recived -1 from 1
memory proc: 41 recived -1 from 1
memory proc: 40 recived -1 from 1
memory proc: 38 recived -1 from 1
memory proc: 34 recived -1 from 1
memory proc: 33 recived -1 from 1
memory proc: 37 recived -1 from 1
memory proc: 36 recived -1 from 1
simulation terminated: proc:27  passes:1 time(s):130.337969, 
memory proc: 32 recived -1 from 27
memory proc: 35 recived -1 from 27
memory proc: 39 recived -1 from 27
memory proc: 41 recived -1 from 27
memory proc: 40 recived -1 from 27
memory proc: 38 recived -1 from 27
memory proc: 34 recived -1 from 27
memory proc: 33 recived -1 from 27
memory proc: 37 recived -1 from 27
memory proc: 36 recived -1 from 27
memory proc 32 shutting down ...
memory proc 35 shutting down ...
memory proc 39 shutting down ...
memory proc 41 shutting down ...
memory proc 40 shutting down ...
memory proc 38 shutting down ...
memory proc 34 shutting down ...
memory proc 33 shutting down ...
memory proc 37 shutting down ...
memory proc 36 shutting down ...
